android/app/build/intermediates/manifest_merge_blame_file/debug/manifest-merger-blame-debug-report.txt
1<?xml version="1.0" encoding="utf-8"?>
2<manifest xmlns:android="http://schemas.android.com/apk/res/android"
3    package="com.foreplay"
4    android:versionCode="1"
5    android:versionName="1.0" >
6
7    <uses-sdk
8        android:minSdkVersion="21"
9        android:targetSdkVersion="34" />
10
11    <uses-permission android:name="android.permission.INTERNET" />
11-->src/main/AndroidManifest.xml:3:5-67
11-->src/main/AndroidManifest.xml:3:22-64
12    <uses-permission android:name="android.permission.READ_EXTERNAL_STORAGE" />
12-->src/main/AndroidManifest.xml:4:5-80
12-->src/main/AndroidManifest.xml:4:22-77
13    <!--
14    This manifest file is used only by Gradle to configure debug-only capabilities
15    for React Native Apps.
16    -->
17    <uses-permission android:name="android.permission.SYSTEM_ALERT_WINDOW" />
17-->[com.facebook.react:react-android:0.73.6] AndroidManifest.xml:16:5-78
17-->[com.facebook.react:react-android:0.73.6] AndroidManifest.xml:16:22-75
18    <uses-permission android:name="android.permission.ACCESS_NETWORK_STATE" />
18-->[com.google.firebase:firebase-auth:22.3.1] AndroidManifest.xml:26:5-79
18-->[com.google.firebase:firebase-auth:22.3.1] AndroidManifest.xml:26:22-76
19    <uses-permission android:name="android.permission.ACCESS_WIFI_STATE" />
19-->[com.facebook.flipper:flipper:0.201.0] AndroidManifest.xml:14:5-76
19-->[com.facebook.flipper:flipper:0.201.0] AndroidManifest.xml:14:22-73
20    <uses-permission android:name="com.google.android.providers.gsf.permission.READ_GSERVICES" />
20-->[com.google.android.recaptcha:recaptcha:18.4.0] AndroidManifest.xml:9:5-98
20-->[com.google.android.recaptcha:recaptcha:18.4.0] AndroidManifest.xml:9:22-95
21
22    <permission
22-->[androidx.core:core:1.9.0] AndroidManifest.xml:22:5-24:47
23        android:name="com.foreplay.DYNAMIC_RECEIVER_NOT_EXPORTED_PERMISSION"
23-->[androidx.core:core:1.9.0] AndroidManifest.xml:23:9-81
24        android:protectionLevel="signature" />
24-->[androidx.core:core:1.9.0] AndroidManifest.xml:24:9-44
25
26    <uses-permission android:name="com.foreplay.DYNAMIC_RECEIVER_NOT_EXPORTED_PERMISSION" />
26-->[androidx.core:core:1.9.0] AndroidManifest.xml:26:5-97
26-->[androidx.core:core:1.9.0] AndroidManifest.xml:26:22-94
27
28    <application
28-->src/main/AndroidManifest.xml:6:5-25:19
29        android:name="com.foreplay.MainApplication"
29-->src/main/AndroidManifest.xml:7:7-38
30        android:allowBackup="false"
30-->src/main/AndroidManifest.xml:11:7-34
31        android:appComponentFactory="androidx.core.app.CoreComponentFactory"
31-->[androidx.core:core:1.9.0] AndroidManifest.xml:28:18-86
32        android:debuggable="true"
33        android:extractNativeLibs="true"
34        android:icon="@mipmap/ic_launcher"
34-->src/main/AndroidManifest.xml:9:7-41
35        android:label="@string/app_name"
35-->src/main/AndroidManifest.xml:8:7-39
36        android:roundIcon="@mipmap/ic_launcher_round"
36-->src/main/AndroidManifest.xml:10:7-52
37        android:theme="@style/AppTheme"
37-->src/main/AndroidManifest.xml:12:7-38
38        android:usesCleartextTraffic="true" >
38-->src/debug/AndroidManifest.xml:6:9-44
39        <activity
39-->src/main/AndroidManifest.xml:13:7-24:18
40            android:name="com.foreplay.MainActivity"
40-->src/main/AndroidManifest.xml:14:9-37
41            android:configChanges="keyboard|keyboardHidden|orientation|screenLayout|screenSize|smallestScreenSize|uiMode"
41-->src/main/AndroidManifest.xml:16:9-118
42            android:exported="true"
42-->src/main/AndroidManifest.xml:19:9-32
43            android:label="@string/app_name"
43-->src/main/AndroidManifest.xml:15:9-41
44            android:launchMode="singleTask"
44-->src/main/AndroidManifest.xml:17:9-40
45            android:windowSoftInputMode="adjustResize" >
45-->src/main/AndroidManifest.xml:18:9-51
46            <intent-filter>
46-->src/main/AndroidManifest.xml:20:9-23:25
47                <action android:name="android.intent.action.MAIN" />
47-->src/main/AndroidManifest.xml:21:13-65
47-->src/main/AndroidManifest.xml:21:21-62
48
49                <category android:name="android.intent.category.LAUNCHER" />
49-->src/main/AndroidManifest.xml:22:13-73
49-->src/main/AndroidManifest.xml:22:23-70
50            </intent-filter>
51        </activity>
52
53        <provider
53-->[:react-native-image-picker] AndroidManifest.xml:8:9-16:20
54            android:name="com.imagepicker.ImagePickerProvider"
54-->[:react-native-image-picker] AndroidManifest.xml:9:13-63
55            android:authorities="com.foreplay.imagepickerprovider"
55-->[:react-native-image-picker] AndroidManifest.xml:10:13-71
56            android:exported="false"
56-->[:react-native-image-picker] AndroidManifest.xml:11:13-37
57            android:grantUriPermissions="true" >
57-->[:react-native-image-picker] AndroidManifest.xml:12:13-47
58            <meta-data
58-->[:react-native-image-picker] AndroidManifest.xml:13:13-15:70
59                android:name="android.support.FILE_PROVIDER_PATHS"
59-->[:react-native-image-picker] AndroidManifest.xml:14:17-67
60                android:resource="@xml/imagepicker_provider_paths" />
60-->[:react-native-image-picker] AndroidManifest.xml:15:17-67
61        </provider>
62
63        <activity
63-->[com.facebook.react:react-android:0.73.6] AndroidManifest.xml:19:9-21:40
64            android:name="com.facebook.react.devsupport.DevSettingsActivity"
64-->[com.facebook.react:react-android:0.73.6] AndroidManifest.xml:20:13-77
65            android:exported="false" />
65-->[com.facebook.react:react-android:0.73.6] AndroidManifest.xml:21:13-37
66        <activity
66-->[com.google.firebase:firebase-auth:22.3.1] AndroidManifest.xml:29:9-46:20
67            android:name="com.google.firebase.auth.internal.GenericIdpActivity"
67-->[com.google.firebase:firebase-auth:22.3.1] AndroidManifest.xml:30:13-80
68            android:excludeFromRecents="true"
68-->[com.google.firebase:firebase-auth:22.3.1] AndroidManifest.xml:31:13-46
69            android:exported="true"
69-->[com.google.firebase:firebase-auth:22.3.1] AndroidManifest.xml:32:13-36
70            android:launchMode="singleTask"
70-->[com.google.firebase:firebase-auth:22.3.1] AndroidManifest.xml:33:13-44
71            android:theme="@android:style/Theme.Translucent.NoTitleBar" >
71-->[com.google.firebase:firebase-auth:22.3.1] AndroidManifest.xml:34:13-72
72            <intent-filter>
72-->[com.google.firebase:firebase-auth:22.3.1] AndroidManifest.xml:35:13-45:29
73                <action android:name="android.intent.action.VIEW" />
73-->[com.google.firebase:firebase-auth:22.3.1] AndroidManifest.xml:36:17-69
73-->[com.google.firebase:firebase-auth:22.3.1] AndroidManifest.xml:36:25-66
74
75                <category android:name="android.intent.category.DEFAULT" />
75-->[com.google.firebase:firebase-auth:22.3.1] AndroidManifest.xml:38:17-76
75-->[com.google.firebase:firebase-auth:22.3.1] AndroidManifest.xml:38:27-73
76                <category android:name="android.intent.category.BROWSABLE" />
76-->[com.google.firebase:firebase-auth:22.3.1] AndroidManifest.xml:39:17-78
76-->[com.google.firebase:firebase-auth:22.3.1] AndroidManifest.xml:39:27-75
77
78                <data
78-->[com.google.firebase:firebase-auth:22.3.1] AndroidManifest.xml:41:17-44:51
79                    android:host="firebase.auth"
79-->[com.google.firebase:firebase-auth:22.3.1] AndroidManifest.xml:42:21-49
80                    android:path="/"
80-->[com.google.firebase:firebase-auth:22.3.1] AndroidManifest.xml:43:21-37
81                    android:scheme="genericidp" />
81-->[com.google.firebase:firebase-auth:22.3.1] AndroidManifest.xml:44:21-48
82            </intent-filter>
83        </activity>
84        <activity
84-->[com.google.firebase:firebase-auth:22.3.1] AndroidManifest.xml:47:9-64:20
85            android:name="com.google.firebase.auth.internal.RecaptchaActivity"
85-->[com.google.firebase:firebase-auth:22.3.1] AndroidManifest.xml:48:13-79
86            android:excludeFromRecents="true"
86-->[com.google.firebase:firebase-auth:22.3.1] AndroidManifest.xml:49:13-46
87            android:exported="true"
87-->[com.google.firebase:firebase-auth:22.3.1] AndroidManifest.xml:50:13-36
88            android:launchMode="singleTask"
88-->[com.google.firebase:firebase-auth:22.3.1] AndroidManifest.xml:51:13-44
89            android:theme="@android:style/Theme.Translucent.NoTitleBar" >
89-->[com.google.firebase:firebase-auth:22.3.1] AndroidManifest.xml:52:13-72
90            <intent-filter>
90-->[com.google.firebase:firebase-auth:22.3.1] AndroidManifest.xml:53:13-63:29
91                <action android:name="android.intent.action.VIEW" />
91-->[com.google.firebase:firebase-auth:22.3.1] AndroidManifest.xml:36:17-69
91-->[com.google.firebase:firebase-auth:22.3.1] AndroidManifest.xml:36:25-66
92
93                <category android:name="android.intent.category.DEFAULT" />
93-->[com.google.firebase:firebase-auth:22.3.1] AndroidManifest.xml:38:17-76
93-->[com.google.firebase:firebase-auth:22.3.1] AndroidManifest.xml:38:27-73
94                <category android:name="android.intent.category.BROWSABLE" />
94-->[com.google.firebase:firebase-auth:22.3.1] AndroidManifest.xml:39:17-78
94-->[com.google.firebase:firebase-auth:22.3.1] AndroidManifest.xml:39:27-75
95
96                <data
96-->[com.google.firebase:firebase-auth:22.3.1] AndroidManifest.xml:41:17-44:51
97                    android:host="firebase.auth"
97-->[com.google.firebase:firebase-auth:22.3.1] AndroidManifest.xml:42:21-49
98                    android:path="/"
98-->[com.google.firebase:firebase-auth:22.3.1] AndroidManifest.xml:43:21-37
99                    android:scheme="recaptcha" />
99-->[com.google.firebase:firebase-auth:22.3.1] AndroidManifest.xml:44:21-48
100            </intent-filter>
101        </activity>
102
103        <service
103-->[com.google.firebase:firebase-auth:22.3.1] AndroidManifest.xml:66:9-72:19
104            android:name="com.google.firebase.components.ComponentDiscoveryService"
104-->[com.google.firebase:firebase-auth:22.3.1] AndroidManifest.xml:67:13-84
105            android:directBootAware="true"
105-->[com.google.firebase:firebase-common:20.4.2] AndroidManifest.xml:32:13-43
106            android:exported="false" >
106-->[com.google.firebase:firebase-auth:22.3.1] AndroidManifest.xml:68:13-37
107            <meta-data
107-->[com.google.firebase:firebase-auth:22.3.1] AndroidManifest.xml:69:13-71:85
108                android:name="com.google.firebase.components:com.google.firebase.auth.FirebaseAuthRegistrar"
108-->[com.google.firebase:firebase-auth:22.3.1] AndroidManifest.xml:70:17-109
109                android:value="com.google.firebase.components.ComponentRegistrar" />
109-->[com.google.firebase:firebase-auth:22.3.1] AndroidManifest.xml:71:17-82
110            <meta-data
110-->[com.google.firebase:firebase-storage:20.3.0] AndroidManifest.xml:30:13-32:85
111                android:name="com.google.firebase.components:com.google.firebase.storage.FirebaseStorageKtxRegistrar"
111-->[com.google.firebase:firebase-storage:20.3.0] AndroidManifest.xml:31:17-118
112                android:value="com.google.firebase.components.ComponentRegistrar" />
112-->[com.google.firebase:firebase-storage:20.3.0] AndroidManifest.xml:32:17-82
113            <meta-data
113-->[com.google.firebase:firebase-storage:20.3.0] AndroidManifest.xml:33:13-35:85
114                android:name="com.google.firebase.components:com.google.firebase.storage.StorageRegistrar"
114-->[com.google.firebase:firebase-storage:20.3.0] AndroidManifest.xml:34:17-107
115                android:value="com.google.firebase.components.ComponentRegistrar" />
115-->[com.google.firebase:firebase-storage:20.3.0] AndroidManifest.xml:35:17-82
116            <meta-data
116-->[com.google.firebase:firebase-appcheck:17.1.2] AndroidManifest.xml:25:13-27:85
117                android:name="com.google.firebase.components:com.google.firebase.appcheck.FirebaseAppCheckKtxRegistrar"
117-->[com.google.firebase:firebase-appcheck:17.1.2] AndroidManifest.xml:26:17-120
118                android:value="com.google.firebase.components.ComponentRegistrar" />
118-->[com.google.firebase:firebase-appcheck:17.1.2] AndroidManifest.xml:27:17-82
119            <meta-data
119-->[com.google.firebase:firebase-appcheck:17.1.2] AndroidManifest.xml:28:13-30:85
120                android:name="com.google.firebase.components:com.google.firebase.appcheck.FirebaseAppCheckRegistrar"
120-->[com.google.firebase:firebase-appcheck:17.1.2] AndroidManifest.xml:29:17-117
121                android:value="com.google.firebase.components.ComponentRegistrar" />
121-->[com.google.firebase:firebase-appcheck:17.1.2] AndroidManifest.xml:30:17-82
122            <meta-data
122-->[com.google.firebase:firebase-common-ktx:20.4.2] AndroidManifest.xml:12:13-14:85
123                android:name="com.google.firebase.components:com.google.firebase.ktx.FirebaseCommonLegacyRegistrar"
123-->[com.google.firebase:firebase-common-ktx:20.4.2] AndroidManifest.xml:13:17-116
124                android:value="com.google.firebase.components.ComponentRegistrar" />
124-->[com.google.firebase:firebase-common-ktx:20.4.2] AndroidManifest.xml:14:17-82
125            <meta-data
125-->[com.google.firebase:firebase-common:20.4.2] AndroidManifest.xml:35:13-37:85
126                android:name="com.google.firebase.components:com.google.firebase.FirebaseCommonKtxRegistrar"
126-->[com.google.firebase:firebase-common:20.4.2] AndroidManifest.xml:36:17-109
127                android:value="com.google.firebase.components.ComponentRegistrar" />
127-->[com.google.firebase:firebase-common:20.4.2] AndroidManifest.xml:37:17-82
128        </service>
129
130        <activity
130-->[com.google.android.gms:play-services-auth:21.0.0] AndroidManifest.xml:23:9-27:75
131            android:name="com.google.android.gms.auth.api.signin.internal.SignInHubActivity"
131-->[com.google.android.gms:play-services-auth:21.0.0] AndroidManifest.xml:24:13-93
132            android:excludeFromRecents="true"
132-->[com.google.android.gms:play-services-auth:21.0.0] AndroidManifest.xml:25:13-46
133            android:exported="false"
133-->[com.google.android.gms:play-services-auth:21.0.0] AndroidManifest.xml:26:13-37
134            android:theme="@android:style/Theme.Translucent.NoTitleBar" />
134-->[com.google.android.gms:play-services-auth:21.0.0] AndroidManifest.xml:27:13-72
135        <!--
136            Service handling Google Sign-In user revocation. For apps that do not integrate with
137            Google Sign-In, this service will never be started.
138        -->
139        <service
139-->[com.google.android.gms:play-services-auth:21.0.0] AndroidManifest.xml:33:9-37:51
140            android:name="com.google.android.gms.auth.api.signin.RevocationBoundService"
140-->[com.google.android.gms:play-services-auth:21.0.0] AndroidManifest.xml:34:13-89
141            android:exported="true"
141-->[com.google.android.gms:play-services-auth:21.0.0] AndroidManifest.xml:35:13-36
142            android:permission="com.google.android.gms.auth.api.signin.permission.REVOCATION_NOTIFICATION"
142-->[com.google.android.gms:play-services-auth:21.0.0] AndroidManifest.xml:36:13-107
143            android:visibleToInstantApps="true" />
143-->[com.google.android.gms:play-services-auth:21.0.0] AndroidManifest.xml:37:13-48
144
145        <activity
145-->[com.google.android.gms:play-services-base:18.1.0] AndroidManifest.xml:20:9-22:45
146            android:name="com.google.android.gms.common.api.GoogleApiActivity"
146-->[com.google.android.gms:play-services-base:18.1.0] AndroidManifest.xml:20:19-85
147            android:exported="false"
147-->[com.google.android.gms:play-services-base:18.1.0] AndroidManifest.xml:22:19-43
148            android:theme="@android:style/Theme.Translucent.NoTitleBar" />
148-->[com.google.android.gms:play-services-base:18.1.0] AndroidManifest.xml:21:19-78
149
150        <provider
150-->[com.google.firebase:firebase-common:20.4.2] AndroidManifest.xml:23:9-28:39
151            android:name="com.google.firebase.provider.FirebaseInitProvider"
151-->[com.google.firebase:firebase-common:20.4.2] AndroidManifest.xml:24:13-77
152            android:authorities="com.foreplay.firebaseinitprovider"
152-->[com.google.firebase:firebase-common:20.4.2] AndroidManifest.xml:25:13-72
153            android:directBootAware="true"
153-->[com.google.firebase:firebase-common:20.4.2] AndroidManifest.xml:26:13-43
154            android:exported="false"
154-->[com.google.firebase:firebase-common:20.4.2] AndroidManifest.xml:27:13-37
155            android:initOrder="100" />
155-->[com.google.firebase:firebase-common:20.4.2] AndroidManifest.xml:28:13-36
156
157        <meta-data
157-->[com.google.android.gms:play-services-basement:18.3.0] AndroidManifest.xml:21:9-23:69
158            android:name="com.google.android.gms.version"
158-->[com.google.android.gms:play-services-basement:18.3.0] AndroidManifest.xml:22:13-58
159            android:value="@integer/google_play_services_version" />
159-->[com.google.android.gms:play-services-basement:18.3.0] AndroidManifest.xml:23:13-66
160
161        <provider
161-->[androidx.emoji2:emoji2:1.2.0] AndroidManifest.xml:24:9-32:20
162            android:name="androidx.startup.InitializationProvider"
162-->[androidx.emoji2:emoji2:1.2.0] AndroidManifest.xml:25:13-67
163            android:authorities="com.foreplay.androidx-startup"
163-->[androidx.emoji2:emoji2:1.2.0] AndroidManifest.xml:26:13-68
164            android:exported="false" >
164-->[androidx.emoji2:emoji2:1.2.0] AndroidManifest.xml:27:13-37
165            <meta-data
165-->[androidx.emoji2:emoji2:1.2.0] AndroidManifest.xml:29:13-31:52
166                android:name="androidx.emoji2.text.EmojiCompatInitializer"
166-->[androidx.emoji2:emoji2:1.2.0] AndroidManifest.xml:30:17-75
167                android:value="androidx.startup" />
167-->[androidx.emoji2:emoji2:1.2.0] AndroidManifest.xml:31:17-49
168            <meta-data
168-->[androidx.lifecycle:lifecycle-process:2.4.1] AndroidManifest.xml:31:13-33:52
169                android:name="androidx.lifecycle.ProcessLifecycleInitializer"
169-->[androidx.lifecycle:lifecycle-process:2.4.1] AndroidManifest.xml:32:17-78
170                android:value="androidx.startup" />
170-->[androidx.lifecycle:lifecycle-process:2.4.1] AndroidManifest.xml:33:17-49
171        </provider>
172
173        <meta-data
173-->[com.facebook.soloader:soloader:0.10.5] AndroidManifest.xml:12:9-14:37
174            android:name="com.facebook.soloader.enabled"
174-->[com.facebook.soloader:soloader:0.10.5] AndroidManifest.xml:13:13-57
175            android:value="false" />
175-->[com.facebook.soloader:soloader:0.10.5] AndroidManifest.xml:14:13-34
176    </application>
177
178</manifest>